MG_HOME : /pkgs/synopsys/current/vc_static
edb-dbase-id : 50000
trace-compression : #t
peakmem-messages : #t
all-results : #t
grid-prefetch-timeout : 3600
grid-prefetch-pct : 0
cdpl-log-compress : #t
cdpl-log-filter : #f
app-name : "fxp"
engine-off : "s2"
seq-app-prefix : "impl."
fsv-use-nox-reset-reduction : 0
seq-use-cpu-timeout : 1
seq-patch-use-mp : 1
seq-sm-b-timeout-inf : 0
seq-dcp-exclude-vwc : 1
seq-use-meta-reasoning : 1
seq-bh-timeout : 7200
seq-bh-options : ""
seq-orc-engine-bitmask : 0
depth-threshold : -1
seq-bh-randomize : 0
seq-bh-jobs-percent : 2
seq-ubh-timeout : 3600
seq-ubh-percent : 30
seq-ubh-mode : "high"
seq-base-solver : "orig"
seq-grid-multi-constant-workers : 1
seq-e2-helper-type : 2
seq-e6-base-solver : "heavy"
seq-do-simplify : 1
seq-ubh-base-solver : "heavy"
seq-force-e1-incrmode2 : 0
seq-bot-multi-jobs-percent : 20
seq-use-dev-engines : 0
seq-mg-dyn-interval : 1800
seq-rotate-b-solvers : 0
seq-bh-ones8-jobs-percent : 5
seq-use-apxtbdgt : 0
seq-bh-use-ones8 : 1
seq-task-sleep-timeout : 1
seq-bh-dump-load-cex : 1
seq-send-monitor-interval : 5
seq-e1-helper-mode : 1
seq-no-progress-timeout : 10800
debug : #f
fml-use-phoenix-b : 0
seq-grid-debug-level : 0
seq-div-abs-bw : 8
vp-dir : "/u/nivedita/Fourth_term/ece560_f24_group6/formal/run/vcst_rtdb/.internal/formal/fpId0"
seq-add-abs-bw : 8
seq-reduce-equivalences : 1
oct-point : 9
seq-use-start-depth : 1
seq-timeout-multiplier : 1
oct-mode : 1977
seq-mem-abs-bw : 512
seq-decompose-effort : 2
skip-lower-depth-msg-ext : 3
seq-mod-abs-bw : 8
seqaig-compression : #t
seq-exclude-patch : 0
seq-sim-maxcycle : 300
seq-grid-copy-logs : ""
seq-use-eq-goal-opt : 1
seq-counter-abs-bw : 8
fml-use-phoenix-e : 1
seq-bh-hit-type : "longest"
tw-bh-random-workers : 0
sss-mode : 0
seq-custom-script-file : ""
seq-send-maxmem-interval : 120
seq-use-fastpass : 1
seq-use-new-orc : 1
seq-use-add-abstraction : 0
tw-bh-randomize : #f
VC_STATIC_HOME : /pkgs/synopsys/current/vc_static
seq-use-sub-abstraction : 0
upfront-worker-timeout : 1
vp-id : 0
seq-sanitize-grid-opt : 1
seq-legacy-solver : "orig"
seq-sub-abs-bw : 8
recipe-file : "default"
seq-bmc-depth : 100
seq-global-chain-db : 0
seq-use-partial-words : 0
seq-use-dp-abs-filters : 1
tw-bh-mode : 0
seq-mg-no-progress-to : 900
startup-optimization : 0
tr-init-batch-size : 10
seq-decompose-timeout : 0
seq-conflict-limit : 150000
seq-grid-idle-time-limit : 14400
exe-dir : "/pkgs/synopsys/current/vc_static/linux64/ctg/bin"
backup-max-workers : 0
max-workers : 4
seq-no-progress-max-goals : 0
seq-sm-sampling-strategy : 9
seq-mult-abs-bw : 8
seq-dynamic-rate : 1
seq-sm-b-timeout-mult : 2
spec-prefix : "spec"
crash-messages : #t
seq-flow-version : "v3"
fml-auto-cleanup-run : 0
seq-ubh-approx-timeout : 1020
seq-dcp-refine-threshold : 0
seq-verbose-level : 2
seq-decompose-explore-depth : 8
seq-bh-max-cex : 20
seq-dump-internal-cex : 1
seq-use-bit-rewrites : "none"
seq-use-abs-safe-depth : 1
seq-sm-apxtbdgt-mult : 1
engine-score-file : "/u/nivedita/Fourth_term/ece560_f24_group6/formal/run/vcst_rtdb/.internal/formal/fpId0/fv_eng_score"
seq-update-save-info : 1
seq-solver-options : ""
seq-sim-options : ""
seq-ones8-init-effort : -1
seq-grid-options : ""
seq-cg-ref-prefix : ""
seq-bh-all-proofs : 1
seq-decompose-depth : 6
engine-db-file : "/pkgs/synopsys/current/vc_static/auxx/ctg/tcl/tw_eng_db.enc"
seq-orch-prune-failures : 1
seq-minimize-trace : 1
seq-script : "orch_low"
seq-run-engines-with-decompose : 1
seq-memory-efficient-flow : 0
seq-send-job-msgs : 1
seq-reuse-helpers : 0
seq-save-proofs-interval : 300
seq-decompose-rewrite-waterfall : 0
seq-debug-level : 0
seq-use-fast-rewrite : 1
seq-ubh-num-internals : 4
seq-use-mult-abstraction : 0
seq-ubh-rewrite : "none"
impl-prefix : "impl"
seq-use-dfg-rewrites : 0
seq-use-div-abstraction : 0
seq-use-mem-abstraction : 1
seq-trim-effort : 2
seq-use-mod-abstraction : 0
seq-use-counter-abstraction : 0
seq-use-semantic-absr : 1
seq-sampling-percent : 0
seq-use-abs-filters : 1
seq-resource-limit : 3600
seq-use-sanity-check : 1
seq-disable-grid-monitor : 0
seq-disable-cc-check : 0
seq-use-bg-critical-jobs : 0
use-interactive : 0
dump-trace : 1
seq-use-abstraction : 0
seq-use-dynamic : 0
backup-grid-config-file : ""
resume-force-restart : 1
seq-propagate-constraints : 1
seq-use-order : 0
seq-use-proven-for-helpers : 0
