#######################################################################################
# fsdb.xxxxx.log : log primitive debug message of FSDB Reader
# This is for R&D to analyze when there are issues happening when FSDB reading
# The corresponding FSDB file is /u/nivedita/Fourth_term/ece560_f24_group6/formal/run/vcst_rtdb/.internal/verdi/constant.uddb
#######################################################################################
[BASIC]Reader version : unknown
[BASIC]simulator version : unknown
[BASIC]dumper version : unspecified
Async open disabled.
[THREAD]The MTR thread count is 12
[READSCOPE]ReadScopeTree calling time is 1
[READSCOPE]ReadScope_PartialLoad calling time is 0
[READSCOPE]Scope read by partial load count is 0
[READSCOPE]Scope read count is 1
[READSCOPE]Decompressed blk is 1
[MAXCHAIN]Decompressed cnt 1
[PERF]VC decompress count : 1
[PERF]VCChain decompress count : 1
[FSDBGate Info] start
[FSDBGate Info] Total fhdb_compute_count = 0
[FSDBGate Info] end
