version: (200506)

available memory: 64M bytes
used memory: 73728 bytes [need 72K bytes if disable swap]

used block: 2 [memory(2) file(0)]
                 [ 8K(1) 64K(1) { total 72K bytes } ]
overhead: (9514) bytes for (2) blocks [Average: (4757) bytes/block]

write  => 0(times) 0K(bytes) [0K bytes to file]
read   => 1(times) 5K(bytes) [1K bytes compressed data from file]
access => 20271(times) 160M(bytes)
          [hit ratio: 99.9951%]

time: write(0) read(0)  unit: second

swap file directory: (/u/nivedita/Fourth_term/ece560_f24_group6/formal/run/verdiLog)
used swap file number: (1)



swap file manager:
arrSize: (256)
idxCnt: (4)
closeHead: (1)
closeTail: (2)
openCnt: (2)
fid(3): fd(0) fileName(/u/nivedita/Fourth_term/ece560_f24_group6/formal/run/vcst_rtdb/.internal/design/simv.daidir/kdb.elab++/work.lib++/i2c_bind.sv.tdc)
	size(3207) lastModTime(1733559531) curModTime(1733559531)
	mode(rb)	hot(0) cool(0) pos(0)
fid(2): fd(71) fileName(/u/nivedita/Fourth_term/ece560_f24_group6/formal/run/verdiLog/_swap_0001#567686121#16489)
	size(0) lastModTime(0) curModTime(1733559534)
	mode(w+b)	hot(0) cool(1) pos(0)
fid(1): fd(1073741824) fileName(/u/nivedita/Fourth_term/ece560_f24_group6/formal/run/vcst_rtdb/.internal/design/simv.daidir/kdb.elab++/work.lib++/i2c_top.sv.tdc)
	size(1812) lastModTime(1733559531) curModTime(1733559531)
	mode(rb)	hot(2) cool(0) pos(0)
fid(0): fd(0) fileName(NULL)
	mode(NULL)	hot(0) cool(0) pos(0)
==================================================
mySelf(0x23ce83c0) pre(0x23cd9d90) next((nil))
version(200506)
date(Sep 25 2024 02:45:52)
